[27-Nov-2020 12:56:31 Europe/Berlin] Default exception handler: Erreur : nombre de paramètres incorrect dans la requête. 2 paramètres attendus, actuellement 0 paramètres. Debug: 
Error code: invalidqueryparam
* line 942 of /lib/dml/moodle_database.php: dml_exception thrown
* line 1131 of /lib/dml/mysqli_native_moodle_database.php: call to moodle_database->fix_sql_params()
* line 59 of /mod/bigbluebuttonbn/bbb_view.php: call to mysqli_native_moodle_database->execute()

[27-Nov-2020 13:33:22 Europe/Berlin] PHP Notice:  Undefined variable: DB in /var/data/www/moodle_joujou/mod/bigbluebuttonbn/locallib.php on line 1280
[27-Nov-2020 13:33:22 Europe/Berlin] Default exception handler: Exception : Call to a member function execute() on null Debug: 
Error code: generalexceptionmessage
* line 1280 of /mod/bigbluebuttonbn/locallib.php: Error thrown
* line 41 of /mod/bigbluebuttonbn/brokerlib.php: call to bigbluebuttonbn_get_meeting_info()
* line 90 of /mod/bigbluebuttonbn/bbb_ajax.php: call to bigbluebuttonbn_broker_meeting_info()

[27-Nov-2020 13:33:43 Europe/Berlin] PHP Notice:  Undefined variable: DB in /var/data/www/moodle_joujou/mod/bigbluebuttonbn/locallib.php on line 1280
[27-Nov-2020 13:33:43 Europe/Berlin] Default exception handler: Exception : Call to a member function execute() on null Debug: 
Error code: generalexceptionmessage
* line 1280 of /mod/bigbluebuttonbn/locallib.php: Error thrown
* line 41 of /mod/bigbluebuttonbn/brokerlib.php: call to bigbluebuttonbn_get_meeting_info()
* line 90 of /mod/bigbluebuttonbn/bbb_ajax.php: call to bigbluebuttonbn_broker_meeting_info()

[27-Nov-2020 13:33:46 Europe/Berlin] PHP Notice:  Undefined variable: DB in /var/data/www/moodle_joujou/mod/bigbluebuttonbn/locallib.php on line 1280
[27-Nov-2020 13:33:46 Europe/Berlin] Default exception handler: Exception : Call to a member function execute() on null Debug: 
Error code: generalexceptionmessage
* line 1280 of /mod/bigbluebuttonbn/locallib.php: Error thrown
* line 41 of /mod/bigbluebuttonbn/brokerlib.php: call to bigbluebuttonbn_get_meeting_info()
* line 90 of /mod/bigbluebuttonbn/bbb_ajax.php: call to bigbluebuttonbn_broker_meeting_info()

[27-Nov-2020 13:59:29 Europe/Berlin] PHP Notice:  Undefined variable: COURSE in /var/data/www/moodle_joujou/mod/bigbluebuttonbn/brokerlib.php on line 43
[27-Nov-2020 13:59:29 Europe/Berlin] PHP Notice:  Trying to get property 'id' of non-object in /var/data/www/moodle_joujou/mod/bigbluebuttonbn/brokerlib.php on line 43
[27-Nov-2020 13:59:36 Europe/Berlin] PHP Notice:  Undefined variable: COURSE in /var/data/www/moodle_joujou/mod/bigbluebuttonbn/brokerlib.php on line 43
[27-Nov-2020 13:59:36 Europe/Berlin] PHP Notice:  Trying to get property 'id' of non-object in /var/data/www/moodle_joujou/mod/bigbluebuttonbn/brokerlib.php on line 43
[27-Nov-2020 14:28:06 Europe/Berlin] PHP Notice:  Undefined variable: GLOBAL in /var/data/www/moodle_joujou/mod/bigbluebuttonbn/classes/locallib/bigbluebutton.php on line 55
[27-Nov-2020 14:28:06 Europe/Berlin] PHP Notice:  Trying to get property 'id' of non-object in /var/data/www/moodle_joujou/mod/bigbluebuttonbn/classes/locallib/bigbluebutton.php on line 55
[27-Nov-2020 14:28:15 Europe/Berlin] PHP Notice:  Undefined variable: GLOBAL in /var/data/www/moodle_joujou/mod/bigbluebuttonbn/classes/locallib/bigbluebutton.php on line 55
[27-Nov-2020 14:28:15 Europe/Berlin] PHP Notice:  Trying to get property 'id' of non-object in /var/data/www/moodle_joujou/mod/bigbluebuttonbn/classes/locallib/bigbluebutton.php on line 55
[27-Nov-2020 14:29:50 Europe/Berlin] Default exception handler: Exception : Call to undefined function mod_bigbluebuttonbn\locallib\split() Debug: 
Error code: generalexceptionmessage
* line 55 of /mod/bigbluebuttonbn/classes/locallib/bigbluebutton.php: Error thrown
* line 1283 of /mod/bigbluebuttonbn/locallib.php: call to mod_bigbluebuttonbn\locallib\bigbluebutton::action_url()
* line 41 of /mod/bigbluebuttonbn/brokerlib.php: call to bigbluebuttonbn_get_meeting_info()
* line 90 of /mod/bigbluebuttonbn/bbb_ajax.php: call to bigbluebuttonbn_broker_meeting_info()

[27-Nov-2020 14:30:52 Europe/Berlin] Default exception handler: Exception : Call to undefined function mod_bigbluebuttonbn\locallib\split() Debug: 
Error code: generalexceptionmessage
* line 55 of /mod/bigbluebuttonbn/classes/locallib/bigbluebutton.php: Error thrown
* line 1283 of /mod/bigbluebuttonbn/locallib.php: call to mod_bigbluebuttonbn\locallib\bigbluebutton::action_url()
* line 41 of /mod/bigbluebuttonbn/brokerlib.php: call to bigbluebuttonbn_get_meeting_info()
* line 90 of /mod/bigbluebuttonbn/bbb_ajax.php: call to bigbluebuttonbn_broker_meeting_info()

[27-Nov-2020 14:31:06 Europe/Berlin] Default exception handler: Exception : Call to undefined function mod_bigbluebuttonbn\locallib\split() Debug: 
Error code: generalexceptionmessage
* line 55 of /mod/bigbluebuttonbn/classes/locallib/bigbluebutton.php: Error thrown
* line 1283 of /mod/bigbluebuttonbn/locallib.php: call to mod_bigbluebuttonbn\locallib\bigbluebutton::action_url()
* line 41 of /mod/bigbluebuttonbn/brokerlib.php: call to bigbluebuttonbn_get_meeting_info()
* line 90 of /mod/bigbluebuttonbn/bbb_ajax.php: call to bigbluebuttonbn_broker_meeting_info()

[27-Nov-2020 14:33:41 Europe/Berlin] Default exception handler: Exception : Call to undefined function mod_bigbluebuttonbn\locallib\split() Debug: 
Error code: generalexceptionmessage
* line 55 of /mod/bigbluebuttonbn/classes/locallib/bigbluebutton.php: Error thrown
* line 1283 of /mod/bigbluebuttonbn/locallib.php: call to mod_bigbluebuttonbn\locallib\bigbluebutton::action_url()
* line 41 of /mod/bigbluebuttonbn/brokerlib.php: call to bigbluebuttonbn_get_meeting_info()
* line 90 of /mod/bigbluebuttonbn/bbb_ajax.php: call to bigbluebuttonbn_broker_meeting_info()

[27-Nov-2020 14:36:08 Europe/Berlin] Default exception handler: Exception : syntax error, unexpected 'array_key_exists' (T_STRING), expecting '(' Debug: 
Error code: generalexceptionmessage
* line 55 of /mod/bigbluebuttonbn/classes/locallib/bigbluebutton.php: ParseError thrown
* line ? of unknownfile: call to core_component::classloader()
* line 74 of /mod/bigbluebuttonbn/view.php: call to spl_autoload_call()

[27-Nov-2020 14:36:28 Europe/Berlin] Default exception handler: Exception : syntax error, unexpected 'else' (T_ELSE), expecting function (T_FUNCTION) or const (T_CONST) Debug: 
Error code: generalexceptionmessage
* line 58 of /mod/bigbluebuttonbn/classes/locallib/bigbluebutton.php: ParseError thrown
* line ? of unknownfile: call to core_component::classloader()
* line 74 of /mod/bigbluebuttonbn/view.php: call to spl_autoload_call()

[27-Nov-2020 14:36:36 Europe/Berlin] Default exception handler: Exception : syntax error, unexpected 'else' (T_ELSE), expecting function (T_FUNCTION) or const (T_CONST) Debug: 
Error code: generalexceptionmessage
* line 58 of /mod/bigbluebuttonbn/classes/locallib/bigbluebutton.php: ParseError thrown
* line ? of unknownfile: call to core_component::classloader()
* line 74 of /mod/bigbluebuttonbn/view.php: call to spl_autoload_call()

[27-Nov-2020 14:37:00 Europe/Berlin] Default exception handler: Exception : syntax error, unexpected 'else' (T_ELSE), expecting function (T_FUNCTION) or const (T_CONST) Debug: 
Error code: generalexceptionmessage
* line 58 of /mod/bigbluebuttonbn/classes/locallib/bigbluebutton.php: ParseError thrown
* line ? of unknownfile: call to core_component::classloader()
* line 74 of /mod/bigbluebuttonbn/view.php: call to spl_autoload_call()

[27-Nov-2020 14:37:30 Europe/Berlin] Default exception handler: Exception : Call to undefined function mod_bigbluebuttonbn\locallib\split() Debug: 
Error code: generalexceptionmessage
* line 56 of /mod/bigbluebuttonbn/classes/locallib/bigbluebutton.php: Error thrown
* line 1283 of /mod/bigbluebuttonbn/locallib.php: call to mod_bigbluebuttonbn\locallib\bigbluebutton::action_url()
* line 41 of /mod/bigbluebuttonbn/brokerlib.php: call to bigbluebuttonbn_get_meeting_info()
* line 90 of /mod/bigbluebuttonbn/bbb_ajax.php: call to bigbluebuttonbn_broker_meeting_info()

[27-Nov-2020 14:37:33 Europe/Berlin] Default exception handler: Exception : Call to undefined function mod_bigbluebuttonbn\locallib\split() Debug: 
Error code: generalexceptionmessage
* line 56 of /mod/bigbluebuttonbn/classes/locallib/bigbluebutton.php: Error thrown
* line 1283 of /mod/bigbluebuttonbn/locallib.php: call to mod_bigbluebuttonbn\locallib\bigbluebutton::action_url()
* line 41 of /mod/bigbluebuttonbn/brokerlib.php: call to bigbluebuttonbn_get_meeting_info()
* line 90 of /mod/bigbluebuttonbn/bbb_ajax.php: call to bigbluebuttonbn_broker_meeting_info()

[27-Nov-2020 14:40:29 Europe/Berlin] Default exception handler: Exception : Call to undefined function mod_bigbluebuttonbn\locallib\split() Debug: 
Error code: generalexceptionmessage
* line 56 of /mod/bigbluebuttonbn/classes/locallib/bigbluebutton.php: Error thrown
* line 1283 of /mod/bigbluebuttonbn/locallib.php: call to mod_bigbluebuttonbn\locallib\bigbluebutton::action_url()
* line 41 of /mod/bigbluebuttonbn/brokerlib.php: call to bigbluebuttonbn_get_meeting_info()
* line 90 of /mod/bigbluebuttonbn/bbb_ajax.php: call to bigbluebuttonbn_broker_meeting_info()

[27-Nov-2020 14:40:54 Europe/Berlin] Default exception handler: Exception : Call to undefined function mod_bigbluebuttonbn\locallib\split() Debug: 
Error code: generalexceptionmessage
* line 56 of /mod/bigbluebuttonbn/classes/locallib/bigbluebutton.php: Error thrown
* line 1283 of /mod/bigbluebuttonbn/locallib.php: call to mod_bigbluebuttonbn\locallib\bigbluebutton::action_url()
* line 41 of /mod/bigbluebuttonbn/brokerlib.php: call to bigbluebuttonbn_get_meeting_info()
* line 90 of /mod/bigbluebuttonbn/bbb_ajax.php: call to bigbluebuttonbn_broker_meeting_info()

[27-Nov-2020 14:41:45 Europe/Berlin] Default exception handler: Exception : Call to undefined function mod_bigbluebuttonbn\locallib\split() Debug: 
Error code: generalexceptionmessage
* line 56 of /mod/bigbluebuttonbn/classes/locallib/bigbluebutton.php: Error thrown
* line 1283 of /mod/bigbluebuttonbn/locallib.php: call to mod_bigbluebuttonbn\locallib\bigbluebutton::action_url()
* line 41 of /mod/bigbluebuttonbn/brokerlib.php: call to bigbluebuttonbn_get_meeting_info()
* line 90 of /mod/bigbluebuttonbn/bbb_ajax.php: call to bigbluebuttonbn_broker_meeting_info()

[27-Nov-2020 14:49:19 Europe/Berlin] Default exception handler: Exception : Call to undefined function mod_bigbluebuttonbn\locallib\split() Debug: 
Error code: generalexceptionmessage
* line 59 of /mod/bigbluebuttonbn/classes/locallib/bigbluebutton.php: Error thrown
* line 1283 of /mod/bigbluebuttonbn/locallib.php: call to mod_bigbluebuttonbn\locallib\bigbluebutton::action_url()
* line 41 of /mod/bigbluebuttonbn/brokerlib.php: call to bigbluebuttonbn_get_meeting_info()
* line 90 of /mod/bigbluebuttonbn/bbb_ajax.php: call to bigbluebuttonbn_broker_meeting_info()

[27-Nov-2020 14:49:43 Europe/Berlin] Default exception handler: Exception : Call to undefined function mod_bigbluebuttonbn\locallib\split() Debug: 
Error code: generalexceptionmessage
* line 59 of /mod/bigbluebuttonbn/classes/locallib/bigbluebutton.php: Error thrown
* line 1283 of /mod/bigbluebuttonbn/locallib.php: call to mod_bigbluebuttonbn\locallib\bigbluebutton::action_url()
* line 41 of /mod/bigbluebuttonbn/brokerlib.php: call to bigbluebuttonbn_get_meeting_info()
* line 90 of /mod/bigbluebuttonbn/bbb_ajax.php: call to bigbluebuttonbn_broker_meeting_info()

[27-Nov-2020 14:50:13 Europe/Berlin] Default exception handler: Exception : Call to undefined function mod_bigbluebuttonbn\locallib\split() Debug: 
Error code: generalexceptionmessage
* line 59 of /mod/bigbluebuttonbn/classes/locallib/bigbluebutton.php: Error thrown
* line 1283 of /mod/bigbluebuttonbn/locallib.php: call to mod_bigbluebuttonbn\locallib\bigbluebutton::action_url()
* line 41 of /mod/bigbluebuttonbn/brokerlib.php: call to bigbluebuttonbn_get_meeting_info()
* line 90 of /mod/bigbluebuttonbn/bbb_ajax.php: call to bigbluebuttonbn_broker_meeting_info()

[27-Nov-2020 14:50:53 Europe/Berlin] Default exception handler: Exception : Call to undefined function mod_bigbluebuttonbn\locallib\split() Debug: 
Error code: generalexceptionmessage
* line 59 of /mod/bigbluebuttonbn/classes/locallib/bigbluebutton.php: Error thrown
* line 1283 of /mod/bigbluebuttonbn/locallib.php: call to mod_bigbluebuttonbn\locallib\bigbluebutton::action_url()
* line 41 of /mod/bigbluebuttonbn/brokerlib.php: call to bigbluebuttonbn_get_meeting_info()
* line 90 of /mod/bigbluebuttonbn/bbb_ajax.php: call to bigbluebuttonbn_broker_meeting_info()

[27-Nov-2020 14:51:28 Europe/Berlin] Default exception handler: Exception : Call to undefined function mod_bigbluebuttonbn\locallib\split() Debug: 
Error code: generalexceptionmessage
* line 59 of /mod/bigbluebuttonbn/classes/locallib/bigbluebutton.php: Error thrown
* line 1283 of /mod/bigbluebuttonbn/locallib.php: call to mod_bigbluebuttonbn\locallib\bigbluebutton::action_url()
* line 41 of /mod/bigbluebuttonbn/brokerlib.php: call to bigbluebuttonbn_get_meeting_info()
* line 90 of /mod/bigbluebuttonbn/bbb_ajax.php: call to bigbluebuttonbn_broker_meeting_info()

[27-Nov-2020 14:51:42 Europe/Berlin] Default exception handler: Exception : Call to undefined function mod_bigbluebuttonbn\locallib\split() Debug: 
Error code: generalexceptionmessage
* line 59 of /mod/bigbluebuttonbn/classes/locallib/bigbluebutton.php: Error thrown
* line 1283 of /mod/bigbluebuttonbn/locallib.php: call to mod_bigbluebuttonbn\locallib\bigbluebutton::action_url()
* line 41 of /mod/bigbluebuttonbn/brokerlib.php: call to bigbluebuttonbn_get_meeting_info()
* line 90 of /mod/bigbluebuttonbn/bbb_ajax.php: call to bigbluebuttonbn_broker_meeting_info()

[27-Nov-2020 14:53:58 Europe/Berlin] Default exception handler: Exception : Call to undefined function mod_bigbluebuttonbn\locallib\split() Debug: 
Error code: generalexceptionmessage
* line 59 of /mod/bigbluebuttonbn/classes/locallib/bigbluebutton.php: Error thrown
* line 1283 of /mod/bigbluebuttonbn/locallib.php: call to mod_bigbluebuttonbn\locallib\bigbluebutton::action_url()
* line 41 of /mod/bigbluebuttonbn/brokerlib.php: call to bigbluebuttonbn_get_meeting_info()
* line 90 of /mod/bigbluebuttonbn/bbb_ajax.php: call to bigbluebuttonbn_broker_meeting_info()

[27-Nov-2020 14:54:01 Europe/Berlin] Default exception handler: Exception : Call to undefined function mod_bigbluebuttonbn\locallib\split() Debug: 
Error code: generalexceptionmessage
* line 59 of /mod/bigbluebuttonbn/classes/locallib/bigbluebutton.php: Error thrown
* line 1283 of /mod/bigbluebuttonbn/locallib.php: call to mod_bigbluebuttonbn\locallib\bigbluebutton::action_url()
* line 41 of /mod/bigbluebuttonbn/brokerlib.php: call to bigbluebuttonbn_get_meeting_info()
* line 90 of /mod/bigbluebuttonbn/bbb_ajax.php: call to bigbluebuttonbn_broker_meeting_info()

[27-Nov-2020 14:54:07 Europe/Berlin] Default exception handler: Exception : Call to undefined function mod_bigbluebuttonbn\locallib\split() Debug: 
Error code: generalexceptionmessage
* line 59 of /mod/bigbluebuttonbn/classes/locallib/bigbluebutton.php: Error thrown
* line 1283 of /mod/bigbluebuttonbn/locallib.php: call to mod_bigbluebuttonbn\locallib\bigbluebutton::action_url()
* line 41 of /mod/bigbluebuttonbn/brokerlib.php: call to bigbluebuttonbn_get_meeting_info()
* line 90 of /mod/bigbluebuttonbn/bbb_ajax.php: call to bigbluebuttonbn_broker_meeting_info()

[27-Nov-2020 14:55:15 Europe/Berlin] Default exception handler: Exception : Call to undefined function mod_bigbluebuttonbn\locallib\split() Debug: 
Error code: generalexceptionmessage
* line 60 of /mod/bigbluebuttonbn/classes/locallib/bigbluebutton.php: Error thrown
* line 1283 of /mod/bigbluebuttonbn/locallib.php: call to mod_bigbluebuttonbn\locallib\bigbluebutton::action_url()
* line 41 of /mod/bigbluebuttonbn/brokerlib.php: call to bigbluebuttonbn_get_meeting_info()
* line 90 of /mod/bigbluebuttonbn/bbb_ajax.php: call to bigbluebuttonbn_broker_meeting_info()

[27-Nov-2020 14:55:18 Europe/Berlin] Default exception handler: Exception : Call to undefined function mod_bigbluebuttonbn\locallib\split() Debug: 
Error code: generalexceptionmessage
* line 60 of /mod/bigbluebuttonbn/classes/locallib/bigbluebutton.php: Error thrown
* line 1283 of /mod/bigbluebuttonbn/locallib.php: call to mod_bigbluebuttonbn\locallib\bigbluebutton::action_url()
* line 41 of /mod/bigbluebuttonbn/brokerlib.php: call to bigbluebuttonbn_get_meeting_info()
* line 90 of /mod/bigbluebuttonbn/bbb_ajax.php: call to bigbluebuttonbn_broker_meeting_info()

[27-Nov-2020 14:55:54 Europe/Berlin] Default exception handler: Exception : Call to undefined function mod_bigbluebuttonbn\locallib\split() Debug: 
Error code: generalexceptionmessage
* line 60 of /mod/bigbluebuttonbn/classes/locallib/bigbluebutton.php: Error thrown
* line 1283 of /mod/bigbluebuttonbn/locallib.php: call to mod_bigbluebuttonbn\locallib\bigbluebutton::action_url()
* line 41 of /mod/bigbluebuttonbn/brokerlib.php: call to bigbluebuttonbn_get_meeting_info()
* line 90 of /mod/bigbluebuttonbn/bbb_ajax.php: call to bigbluebuttonbn_broker_meeting_info()

[27-Nov-2020 14:56:26 Europe/Berlin] Default exception handler: Exception : Call to undefined function mod_bigbluebuttonbn\locallib\split() Debug: 
Error code: generalexceptionmessage
* line 60 of /mod/bigbluebuttonbn/classes/locallib/bigbluebutton.php: Error thrown
* line 1283 of /mod/bigbluebuttonbn/locallib.php: call to mod_bigbluebuttonbn\locallib\bigbluebutton::action_url()
* line 41 of /mod/bigbluebuttonbn/brokerlib.php: call to bigbluebuttonbn_get_meeting_info()
* line 90 of /mod/bigbluebuttonbn/bbb_ajax.php: call to bigbluebuttonbn_broker_meeting_info()

[27-Nov-2020 14:56:45 Europe/Berlin] Default exception handler: Exception : Call to undefined function mod_bigbluebuttonbn\locallib\split() Debug: 
Error code: generalexceptionmessage
* line 60 of /mod/bigbluebuttonbn/classes/locallib/bigbluebutton.php: Error thrown
* line 1283 of /mod/bigbluebuttonbn/locallib.php: call to mod_bigbluebuttonbn\locallib\bigbluebutton::action_url()
* line 41 of /mod/bigbluebuttonbn/brokerlib.php: call to bigbluebuttonbn_get_meeting_info()
* line 90 of /mod/bigbluebuttonbn/bbb_ajax.php: call to bigbluebuttonbn_broker_meeting_info()

[27-Nov-2020 15:09:40 Europe/Berlin] Default exception handler: Erreur : différents types de paramètres dans la requête SQL ! Debug: 
Error code: mixedtypesqlparam
* line 920 of /lib/dml/moodle_database.php: dml_exception thrown
* line 1131 of /lib/dml/mysqli_native_moodle_database.php: call to moodle_database->fix_sql_params()
* line 68 of /mod/bigbluebuttonbn/classes/locallib/bigbluebutton.php: call to mysqli_native_moodle_database->execute()
* line 163 of /mod/bigbluebuttonbn/locallib.php: call to mod_bigbluebuttonbn\locallib\bigbluebutton::action_url()
* line 191 of /mod/bigbluebuttonbn/bbb_view.php: call to bigbluebuttonbn_get_create_meeting_array()

[29-Nov-2020 09:14:43 Europe/Berlin] PHP Notice:  Trying to get property 'meta' of non-object in /var/data/www/moodle_joujou/mod/bigbluebuttonbn/bbb_view.php on line 150
[29-Nov-2020 09:14:43 Europe/Berlin] PHP Notice:  Trying to get property 'origin' of non-object in /var/data/www/moodle_joujou/mod/bigbluebuttonbn/bbb_view.php on line 150
[29-Nov-2020 09:15:34 Europe/Berlin] PHP Notice:  Trying to get property 'meta' of non-object in /var/data/www/moodle_joujou/mod/bigbluebuttonbn/bbb_view.php on line 150
[29-Nov-2020 09:15:34 Europe/Berlin] PHP Notice:  Trying to get property 'origin' of non-object in /var/data/www/moodle_joujou/mod/bigbluebuttonbn/bbb_view.php on line 150
